This is pdfeTeX, Version 3.141592-1.21a-2.2 (Web2C 7.5.4) (format=latex 2008.9.8)  17 MAR 2010 20:34
entering extended mode
**pel_CLI.tex
(./pel_CLI.tex
LaTeX2e <2003/12/01>
Babel <v3.8d> and hyphenation patterns for american, french, german, ngerman, b
ahasa, basque, bulgarian, catalan, croatian, czech, danish, dutch, esperanto, e
stonian, finnish, greek, icelandic, irish, italian, latin, magyar, norsk, polis
h, portuges, romanian, russian, serbian, slovak, slovene, spanish, swedish, tur
kish, ukrainian, nohyphenation, loaded.
(/usr/share/texmf-tetex/tex/latex/base/article.cls
Document Class: article 2004/02/16 v1.4f Standard LaTeX document class
(/usr/share/texmf-tetex/tex/latex/base/size10.clo
File: size10.clo 2004/02/16 v1.4f Standard LaTeX file (size option)
)
\c@part=\count79
\c@section=\count80
\c@subsection=\count81
\c@subsubsection=\count82
\c@paragraph=\count83
\c@subparagraph=\count84
\c@figure=\count85
\c@table=\count86
\abovecaptionskip=\skip41
\belowcaptionskip=\skip42
\bibindent=\dimen102
)
(/usr/share/texmf-tetex/tex/latex/base/makeidx.sty
Package: makeidx 2000/03/29 v1.0m Standard LaTeX package
)
\@indexfile=\write3
\openout3 = `pel_CLI.idx'.


Writing index file pel_CLI.idx
(./pel_CLI.aux)
\openout1 = `pel_CLI.aux'.

LaTeX Font Info:    Checking defaults for OML/cmm/m/it on input line 12.
LaTeX Font Info:    ... okay on input line 12.
LaTeX Font Info:    Checking defaults for T1/cmr/m/n on input line 12.
LaTeX Font Info:    ... okay on input line 12.
LaTeX Font Info:    Checking defaults for OT1/cmr/m/n on input line 12.
LaTeX Font Info:    ... okay on input line 12.
LaTeX Font Info:    Checking defaults for OMS/cmsy/m/n on input line 12.
LaTeX Font Info:    ... okay on input line 12.
LaTeX Font Info:    Checking defaults for OMX/cmex/m/n on input line 12.
LaTeX Font Info:    ... okay on input line 12.
LaTeX Font Info:    Checking defaults for U/cmr/m/n on input line 12.
LaTeX Font Info:    ... okay on input line 12.
 (./pel_CLI.toc)
\tf@toc=\write4
\openout4 = `pel_CLI.toc'.

 [1

]
LaTeX Font Info:    External font `cmex10' loaded for size
(Font)              <7> on input line 25.
LaTeX Font Info:    External font `cmex10' loaded for size
(Font)              <5> on input line 25.

Overfull \hbox (53.99652pt too wide) in paragraph at lines 46--46
[]  \OT1/cmtt/m/n/10 cmp            requests forward to the PELICANS-based appl
ication "pelcmp"[] 
 []


Overfull \hbox (6.74693pt too wide) in paragraph at lines 46--46
[]  \OT1/cmtt/m/n/10 cvgce          extraction of error norms from "save_*.gene
" files[] 
 []

[2

] [3

] [4] [5]
LaTeX Font Info:    Font shape `OT1/cmtt/bx/n' in size <10> not available
(Font)              Font shape `OT1/cmtt/m/n' tried instead on input line 351.
 [6] [7]
Overfull \hbox (85.49962pt too wide) in paragraph at lines 431--433
[]\OT1/cmr/m/n/10 update the tar-get de-ter-mined by the mu-tu-ally ex-clu-sive
 in-struc-tions \OT1/cmtt/m/n/10 -exe,-object,-archive\OT1/cmr/m/n/10 ; 
 []


Overfull \hbox (1.50035pt too wide) in paragraph at lines 461--464
[]\OT1/cmr/m/n/10 Ask \OT1/cmtt/m/n/10 make \OT1/cmr/m/n/10 to up-date the tar-
get de-fined by the ex-e-cutable of the PELICANS-
 []

[8

] [9] [10] [11

] [12] [13]
Overfull \hbox (43.24666pt too wide) in paragraph at lines 851--852
[]
 []


Overfull \hbox (2.9161pt too wide) in paragraph at lines 858--863
\OT1/cmr/m/n/10 rec-tory, this com-mand is equiv-a-lent as ex-e-cut-ing: $ $\OT
1/cmtt/m/n/10 pel$ $run$ $EXE$ $data.pel$ $resu$ $
 []


Overfull \hbox (5.02698pt too wide) in paragraph at lines 872--873
[]
 []

[14] [15

] [16]
Overfull \hbox (10.74715pt too wide) in paragraph at lines 1099--1099
 []      \OT1/cmtt/m/n/10 MODULE xxx               // xxx is a non significant 
name[] 
 []


Overfull \hbox (10.74715pt too wide) in paragraph at lines 1099--1099
 []        \OT1/cmtt/m/n/10 format = "CSV"         // either "GENE", "PEL" of "
CSV"[] 
 []


Overfull \hbox (10.74715pt too wide) in paragraph at lines 1123--1123
 []      \OT1/cmtt/m/n/10 MODULE xxx               // xxx is a non significant 
name[] 
 []

[17]
Overfull \hbox (5.4972pt too wide) in paragraph at lines 1123--1123
 []        \OT1/cmtt/m/n/10 filename = "save.zzz"  // file with format GENE or 
PEL[] 
 []


Overfull \hbox (6.83458pt too wide) in paragraph at lines 1132--1138
\OT1/cmr/m/n/10 (with for-mat GENE, PEL or CSV) are com-pared with PEL::double[
]equality.
 []


Overfull \hbox (63.24669pt too wide) in paragraph at lines 1164--1164
 []        \OT1/cmtt/m/n/10 MODULE xxx                       // xxx is a non si
gnificant name[] 
 []

[18] [19] [20] [21

] [22]
Overfull \hbox (9.27783pt too wide) in paragraph at lines 1438--1442
\OT1/cmtt/m/n/10 pel arch \OT1/cmr/m/n/10 dis-cov-ers the com-piler ar-chi-tec-
ture by se-lect-ing the architecture-makefile
 []

LaTeX Font Info:    Try loading font information for OMS+cmr on input line 1450
.
(/usr/share/texmf-tetex/tex/latex/base/omscmr.fd
File: omscmr.fd 1999/05/25 v2.5h Standard LaTeX font definitions
)
LaTeX Font Info:    Font shape `OMS/cmr/m/n' in size <10> not available
(Font)              Font shape `OMS/cmsy/m/n' tried instead on input line 1450.

 [23

] [24]
Overfull \hbox (4.5328pt too wide) in paragraph at lines 1617--1620
\OT1/cmr/m/n/10 value of the vari-able DY-NAMIC[]LIB[]EXT that it de-fines in t
he achitecture-
 []

[25] [26

] [27] [28

] [29] [30

]
Overfull \hbox (73.31316pt too wide) in paragraph at lines 1895--1905
\OT1/cmr/m/n/10 and the mesh size may be tested us-ing the classes \OT1/cmr/m/i
t/10 FE[]Launcher \OT1/cmr/m/n/10 and \OT1/cmr/m/it/10 FE[]ComparatorWithAnalyt
ic\OT1/cmr/m/n/10 .
 []

[31

]
No file pel_CLI.ind.
[32] (./pel_CLI.aux) ) 
Here is how much of TeX's memory you used:
 323 strings out of 94501
 3901 string characters out of 1175795
 52348 words of memory out of 1000000
 3559 multiletter control sequences out of 10000+50000
 6384 words of font info for 23 fonts, out of 500000 for 2000
 580 hyphenation exceptions out of 8191
 23i,5n,19p,158b,311s stack positions out of 1500i,500n,5000p,200000b,5000s

Output written on pel_CLI.dvi (32 pages, 64104 bytes).
